开始爬取
https://wiki.52poke.com//wiki/%E5%A6%99%E8%9B%99%E7%A7%8D%E5%AD%90
没有多形态信息
没有多形态种族值
[]
没有区分世代经验值
2个属性
['茂盛']
1个普通特性
['叶绿素']
['#001'] ['妙蛙种子'] ['草'] ['毒'] ['茂盛'] [''] ['叶绿素'] ['45'] ['49'] ['49'] ['65'] ['65'] ['45']
https://wiki.52poke.com//wiki/%E5%A6%99%E8%9B%99%E8%8D%89
没有多形态信息
没有多形态种族值
[]
没有区分世代经验值
2个属性
['茂盛']
1个普通特性
['叶绿素']
['#002'] ['妙蛙草'] ['草'] ['毒'] ['茂盛'] [''] ['叶绿素'] ['60'] ['62'] ['63'] ['80'] ['80'] ['60']
https://wiki.52poke.com//wiki/%E5%A6%99%E8%9B%99%E8%8A%B1
有多形态信息
没有多形态种族值
[]
没有区分世代经验值
2个属性
['茂盛']
1个普通特性
['叶绿素']
['#003'] ['妙蛙花'] ['草'] ['毒'] ['茂盛'] [''] ['叶绿素'] ['80'] ['82'] ['83'] ['100'] ['100'] ['80']
https://wiki.52poke.com//wiki/%E5%B0%8F%E7%81%AB%E9%BE%99
没有多形态信息
没有多形态种族值
[]
没有区分世代经验值
1个属性
['猛火']
1个普通特性
['太阳之力']
['#004'] ['小火龙'] ['火'] [''] ['猛火'] [''] ['太阳之力'] ['39'] ['52'] ['43'] ['60'] ['50'] ['65']
https://wiki.52poke.com//wiki/%E7%81%AB%E6%81%90%E9%BE%99
没有多形态信息
没有多形态种族值
[]
没有区分世代经验值
1个属性
['猛火']
1个普通特性
['太阳之力']
['#005'] ['火恐龙'] ['火'] [''] ['猛火'] [''] ['太阳之力'] ['58'] ['64'] ['58'] ['80'] ['65'] ['80']
https://wiki.52poke.com//wiki/%E5%96%B7%E7%81%AB%E9%BE%99
有多形态信息
没有多形态种族值
[]
没有区分世代经验值
2个属性
['猛火']
1个普通特性
['太阳之力']
['#006'] ['喷火龙'] ['火'] ['飞行'] ['猛火'] [''] ['太阳之力'] ['78'] ['84'] ['78'] ['109'] ['85'] ['100']
https://wiki.52poke.com//wiki/%E6%9D%B0%E5%B0%BC%E9%BE%9F
没有多形态信息
没有多形态种族值
[]
没有区分世代经验值
1个属性
['激流']
1个普通特性
['雨盘']
['#007'] ['杰尼龟'] ['水'] [''] ['激流'] [''] ['雨盘'] ['44'] ['48'] ['65'] ['50'] ['64'] ['43']
https://wiki.52poke.com//wiki/%E5%8D%A1%E5%92%AA%E9%BE%9F
没有多形态信息
没有多形态种族值
[]
没有区分世代经验值
1个属性
['激流']
1个普通特性
['雨盘']
['#008'] ['卡咪龟'] ['水'] [''] ['激流'] [''] ['雨盘'] ['59'] ['63'] ['80'] ['65'] ['80'] ['58']
https://wiki.52poke.com//wiki/%E6%B0%B4%E7%AE%AD%E9%BE%9F
有多形态信息
没有多形态种族值
[]
没有区分世代经验值
1个属性
['激流']
1个普通特性
['雨盘']
['#009'] ['水箭龟'] ['水'] [''] ['激流'] [''] ['雨盘'] ['79'] ['83'] ['100'] ['85'] ['105'] ['78']
https://wiki.52poke.com//wiki/%E7%BB%BF%E6%AF%9B%E8%99%AB
没有多形态信息
没有多形态种族值
[]
没有区分世代经验值
1个属性
['鳞粉']
1个普通特性
['逃跑']
['#010'] ['绿毛虫'] ['虫'] [''] ['鳞粉'] [''] ['逃跑'] ['45'] ['30'] ['35'] ['20'] ['20'] ['45']
https://wiki.52poke.com//wiki/%E9%93%81%E7%94%B2%E8%9B%B9
没有多形态信息
没有多形态种族值
[]
没有区分世代经验值
1个属性
['蜕皮']
1个普通特性
[]
['#011'] ['铁甲蛹'] ['虫'] [''] ['蜕皮'] [''] [] ['50'] ['20'] ['55'] ['25'] ['25'] ['30']
https://wiki.52poke.com//wiki/%E5%B7%B4%E5%A4%A7%E8%9D%B6
有多形态信息
没有多形态种族值
[]
没有区分世代经验值
2个属性
['复眼']
1个普通特性
['有色眼镜']
['#012'] ['巴大蝶'] ['虫'] ['飞行'] ['复眼'] [''] ['有色眼镜'] ['60'] ['45'] ['50'] ['90'] ['80'] ['70']
https://wiki.52poke.com//wiki/%E7%8B%AC%E8%A7%92%E8%99%AB
没有多形态信息
没有多形态种族值
[]
没有区分世代经验值
2个属性
['鳞粉']
1个普通特性
['逃跑']
['#013'] ['独角虫'] ['虫'] ['毒'] ['鳞粉'] [''] ['逃跑'] ['40'] ['35'] ['30'] ['20'] ['20'] ['50']
https://wiki.52poke.com//wiki/%E9%93%81%E5%A3%B3%E8%9B%B9
没有多形态信息
没有多形态种族值
[]
没有区分世代经验值
2个属性
['蜕皮']
1个普通特性
[]
['#014'] ['铁壳蛹'] ['虫'] ['毒'] ['蜕皮'] [''] [] ['45'] ['25'] ['50'] ['25'] ['25'] ['35']
https://wiki.52poke.com//wiki/%E5%A4%A7%E9%92%88%E8%9C%82
有多形态信息
没有多形态种族值
[]
没有区分世代经验值
2个属性
['虫之预感']
1个普通特性
['狙击手']
['#015'] ['大针蜂'] ['虫'] ['毒'] ['虫之预感'] [''] ['狙击手'] ['65'] ['90'] ['40'] ['45'] ['80'] ['75']
https://wiki.52poke.com//wiki/%E6%B3%A2%E6%B3%A2
没有多形态信息
没有多形态种族值
[]
没有区分世代经验值
2个属性
['锐利目光', '蹒跚']
2个普通特性
['健壮胸肌']
['#016'] ['波波'] ['一般'] ['飞行'] ['锐利目光'] ['蹒跚'] ['健壮胸肌'] ['40'] ['45'] ['40'] ['35'] ['35'] ['56']
https://wiki.52poke.com//wiki/%E6%AF%94%E6%AF%94%E9%B8%9F
没有多形态信息
没有多形态种族值
[]
没有区分世代经验值
2个属性
['锐利目光', '蹒跚']
2个普通特性
['健壮胸肌']
['#017'] ['比比鸟'] ['一般'] ['飞行'] ['锐利目光'] ['蹒跚'] ['健壮胸肌'] ['63'] ['60'] ['55'] ['50'] ['50'] ['71']
https://wiki.52poke.com//wiki/%E5%A4%A7%E6%AF%94%E9%B8%9F
有多形态信息
没有多形态种族值
[]
没有区分世代经验值
2个属性
['锐利目光', '蹒跚']
2个普通特性
['健壮胸肌']
['#018'] ['大比鸟'] ['一般'] ['飞行'] ['锐利目光'] ['蹒跚'] ['健壮胸肌'] ['83'] ['80'] ['75'] ['70'] ['70'] ['101']
https://wiki.52poke.com//wiki/%E5%B0%8F%E6%8B%89%E8%BE%BE
有多形态信息
没有多形态种族值
[]
没有区分世代经验值
1个属性
['逃跑', '毅力']
2个普通特性
['活力']
['#019'] ['小拉达'] ['一般'] [''] ['逃跑'] ['毅力'] ['活力'] ['30'] ['56'] ['35'] ['25'] ['35'] ['72']
https://wiki.52poke.com//wiki/%E6%8B%89%E8%BE%BE
有多形态信息
没有多形态种族值
[]
没有区分世代经验值
1个属性
['逃跑', '毅力']
2个普通特性
['活力']
['#020'] ['拉达'] ['一般'] [''] ['逃跑'] ['毅力'] ['活力'] ['55'] ['81'] ['60'] ['50'] ['70'] ['97']
https://wiki.52poke.com//wiki/%E7%83%88%E9%9B%80
没有多形态信息
没有多形态种族值
[]
没有区分世代经验值
2个属性
['锐利目光']
1个普通特性
['狙击手']
['#021'] ['烈雀'] ['一般'] ['飞行'] ['锐利目光'] [''] ['狙击手'] ['40'] ['60'] ['30'] ['31'] ['31'] ['70']
https://wiki.52poke.com//wiki/%E5%A4%A7%E5%98%B4%E9%9B%80
没有多形态信息
没有多形态种族值
[]
没有区分世代经验值
2个属性
['锐利目光']
1个普通特性
['狙击手']
['#022'] ['大嘴雀'] ['一般'] ['飞行'] ['锐利目光'] [''] ['狙击手'] ['65'] ['90'] ['65'] ['61'] ['61'] ['100']
https://wiki.52poke.com//wiki/%E9%98%BF%E6%9F%8F%E8%9B%87
没有多形态信息
没有多形态种族值
[]
没有区分世代经验值
1个属性
['威吓', '蜕皮']
2个普通特性
['紧张感']
['#023'] ['阿柏蛇'] ['毒'] [''] ['威吓'] ['蜕皮'] ['紧张感'] ['35'] ['60'] ['44'] ['40'] ['54'] ['55']
https://wiki.52poke.com//wiki/%E9%98%BF%E6%9F%8F%E6%80%AA
没有多形态信息
没有多形态种族值
[]
没有区分世代经验值
1个属性
['威吓', '蜕皮']
2个普通特性
['紧张感']
['#024'] ['阿柏怪'] ['毒'] [''] ['威吓'] ['蜕皮'] ['紧张感'] ['60'] ['95'] ['69'] ['65'] ['79'] ['80']
https://wiki.52poke.com//wiki/%E7%9A%AE%E5%8D%A1%E4%B8%98
有多形态信息
没有多形态种族值
[]
没有区分世代经验值
1个属性
['静电']
1个普通特性
['避雷针']
['#025'] ['皮卡丘'] ['电'] [''] ['静电'] [''] ['避雷针'] ['35'] ['55'] ['40'] ['50'] ['50'] ['90']
https://wiki.52poke.com//wiki/%E9%9B%B7%E4%B8%98
有多形态信息
没有多形态种族值
[]
没有区分世代经验值
1个属性
['静电']
1个普通特性
['避雷针']
['#026'] ['雷丘'] ['电'] [''] ['静电'] [''] ['避雷针'] ['60'] ['90'] ['55'] ['90'] ['80'] ['110']
https://wiki.52poke.com//wiki/%E7%A9%BF%E5%B1%B1%E9%BC%A0
有多形态信息
没有多形态种族值
[]
没有区分世代经验值
1个属性
['沙隐']
1个普通特性
['拨沙']
['#027'] ['穿山鼠'] ['地面'] [''] ['沙隐'] [''] ['拨沙'] ['50'] ['75'] ['85'] ['20'] ['30'] ['40']
https://wiki.52poke.com//wiki/%E7%A9%BF%E5%B1%B1%E7%8E%8B
有多形态信息
没有多形态种族值
[]
没有区分世代经验值
1个属性
['沙隐']
1个普通特性
['拨沙']
['#028'] ['穿山王'] ['地面'] [''] ['沙隐'] [''] ['拨沙'] ['75'] ['100'] ['110'] ['45'] ['55'] ['65']
https://wiki.52poke.com//wiki/%E5%B0%BC%E5%A4%9A%E5%85%B0
没有多形态信息
没有多形态种族值
[]
没有区分世代经验值
1个属性
['毒刺', '斗争心']
2个普通特性
['活力']
['#029'] ['尼多兰'] ['毒'] [''] ['毒刺'] ['斗争心'] ['活力'] ['55'] ['47'] ['52'] ['40'] ['40'] ['41']
https://wiki.52poke.com//wiki/%E5%B0%BC%E5%A4%9A%E5%A8%9C
没有多形态信息
没有多形态种族值
[]
没有区分世代经验值
1个属性
['毒刺', '斗争心']
2个普通特性
['活力']
['#030'] ['尼多娜'] ['毒'] [''] ['毒刺'] ['斗争心'] ['活力'] ['70'] ['62'] ['67'] ['55'] ['55'] ['56']
https://wiki.52poke.com//wiki/%E5%B0%BC%E5%A4%9A%E5%90%8E
没有多形态信息
没有多形态种族值
[]
没有区分世代经验值
2个属性
['毒刺', '斗争心']
2个普通特性
['强行']
['#031'] ['尼多后'] ['毒'] ['地面'] ['毒刺'] ['斗争心'] ['强行'] ['90'] ['92'] ['87'] ['75'] ['85'] ['76']
https://wiki.52poke.com//wiki/%E5%B0%BC%E5%A4%9A%E6%9C%97
没有多形态信息
没有多形态种族值
[]
没有区分世代经验值
1个属性
['毒刺', '斗争心']
2个普通特性
['活力']
['#032'] ['尼多朗'] ['毒'] [''] ['毒刺'] ['斗争心'] ['活力'] ['46'] ['57'] ['40'] ['40'] ['40'] ['50']
https://wiki.52poke.com//wiki/%E5%B0%BC%E5%A4%9A%E5%8A%9B%E8%AF%BA
没有多形态信息
没有多形态种族值
[]
没有区分世代经验值
1个属性
['毒刺', '斗争心']
2个普通特性
['活力']
['#033'] ['尼多力诺'] ['毒'] [''] ['毒刺'] ['斗争心'] ['活力'] ['61'] ['72'] ['57'] ['55'] ['55'] ['65']
https://wiki.52poke.com//wiki/%E5%B0%BC%E5%A4%9A%E7%8E%8B
没有多形态信息
没有多形态种族值
[]
没有区分世代经验值
2个属性
['毒刺', '斗争心']
2个普通特性
['强行']
['#034'] ['尼多王'] ['毒'] ['地面'] ['毒刺'] ['斗争心'] ['强行'] ['81'] ['102'] ['77'] ['85'] ['75'] ['85']
https://wiki.52poke.com//wiki/%E7%9A%AE%E7%9A%AE
没有多形态信息
没有多形态种族值
[]
没有区分世代经验值
1个属性
['迷人之躯', '魔法防守']
2个普通特性
['友情防守']
['#035'] ['皮皮'] ['妖精'] [''] ['迷人之躯'] ['魔法防守'] ['友情防守'] ['70'] ['45'] ['48'] ['60'] ['65'] ['35']
https://wiki.52poke.com//wiki/%E7%9A%AE%E5%8F%AF%E8%A5%BF
没有多形态信息
没有多形态种族值
[]
没有区分世代经验值
1个属性
['迷人之躯', '魔法防守']
2个普通特性
['纯朴']
['#036'] ['皮可西'] ['妖精'] [''] ['迷人之躯'] ['魔法防守'] ['纯朴'] ['95'] ['70'] ['73'] ['95'] ['90'] ['60']
https://wiki.52poke.com//wiki/%E5%85%AD%E5%B0%BE
有多形态信息
没有多形态种族值
[]
没有区分世代经验值
1个属性
['引火']
1个普通特性
['日照']
['#037'] ['六尾'] ['火'] [''] ['引火'] [''] ['日照'] ['38'] ['41'] ['40'] ['50'] ['65'] ['65']
https://wiki.52poke.com//wiki/%E4%B9%9D%E5%B0%BE
有多形态信息
没有多形态种族值
[]
没有区分世代经验值
1个属性
['引火']
1个普通特性
['日照']
['#038'] ['九尾'] ['火'] [''] ['引火'] [''] ['日照'] ['73'] ['76'] ['75'] ['81'] ['100'] ['100']
https://wiki.52poke.com//wiki/%E8%83%96%E4%B8%81
没有多形态信息
没有多形态种族值
[]
没有区分世代经验值
2个属性
['迷人之躯', '好胜']
2个普通特性
['友情防守']
['#039'] ['胖丁'] ['一般'] ['妖精'] ['迷人之躯'] ['好胜'] ['友情防守'] ['115'] ['45'] ['20'] ['45'] ['25'] ['20']
https://wiki.52poke.com//wiki/%E8%83%96%E5%8F%AF%E4%B8%81
没有多形态信息
没有多形态种族值
[]
没有区分世代经验值
2个属性
['迷人之躯', '好胜']
2个普通特性
['察觉']
['#040'] ['胖可丁'] ['一般'] ['妖精'] ['迷人之躯'] ['好胜'] ['察觉'] ['140'] ['70'] ['45'] ['85'] ['50'] ['45']
https://wiki.52poke.com//wiki/%E8%B6%85%E9%9F%B3%E8%9D%A0
没有多形态信息
没有多形态种族值
[]
没有区分世代经验值
2个属性
['精神力']
1个普通特性
['穿透']
['#041'] ['超音蝠'] ['毒'] ['飞行'] ['精神力'] [''] ['穿透'] ['40'] ['45'] ['35'] ['30'] ['40'] ['55']
https://wiki.52poke.com//wiki/%E5%A4%A7%E5%98%B4%E8%9D%A0
没有多形态信息
没有多形态种族值
[]
没有区分世代经验值
2个属性
['精神力']
1个普通特性
['穿透']
['#042'] ['大嘴蝠'] ['毒'] ['飞行'] ['精神力'] [''] ['穿透'] ['75'] ['80'] ['70'] ['65'] ['75'] ['90']
https://wiki.52poke.com//wiki/%E8%B5%B0%E8%B7%AF%E8%8D%89
没有多形态信息
没有多形态种族值
[]
没有区分世代经验值
2个属性
['叶绿素']
1个普通特性
['逃跑']
['#043'] ['走路草'] ['草'] ['毒'] ['叶绿素'] [''] ['逃跑'] ['45'] ['50'] ['55'] ['75'] ['65'] ['30']
https://wiki.52poke.com//wiki/%E8%87%AD%E8%87%AD%E8%8A%B1
没有多形态信息
没有多形态种族值
[]
没有区分世代经验值
2个属性
['叶绿素']
1个普通特性
['恶臭']
['#044'] ['臭臭花'] ['草'] ['毒'] ['叶绿素'] [''] ['恶臭'] ['60'] ['65'] ['70'] ['85'] ['75'] ['40']
https://wiki.52poke.com//wiki/%E9%9C%B8%E7%8E%8B%E8%8A%B1
没有多形态信息
没有多形态种族值
[]
没有区分世代经验值
2个属性
['叶绿素']
1个普通特性
['孢子']
['#045'] ['霸王花'] ['草'] ['毒'] ['叶绿素'] [''] ['孢子'] ['75'] ['80'] ['85'] ['110'] ['90'] ['50']
https://wiki.52poke.com//wiki/%E6%B4%BE%E6%8B%89%E6%96%AF
没有多形态信息
没有多形态种族值
[]
没有区分世代经验值
2个属性
['孢子', '干燥皮肤']
2个普通特性
['湿气']
['#046'] ['派拉斯'] ['虫'] ['草'] ['孢子'] ['干燥皮肤'] ['湿气'] ['35'] ['70'] ['55'] ['45'] ['55'] ['25']
https://wiki.52poke.com//wiki/%E6%B4%BE%E6%8B%89%E6%96%AF%E7%89%B9
没有多形态信息
没有多形态种族值
[]
没有区分世代经验值
2个属性
['孢子', '干燥皮肤']
2个普通特性
['湿气']
['#047'] ['派拉斯特'] ['虫'] ['草'] ['孢子'] ['干燥皮肤'] ['湿气'] ['60'] ['95'] ['80'] ['60'] ['80'] ['30']
https://wiki.52poke.com//wiki/%E6%AF%9B%E7%90%83
没有多形态信息
没有多形态种族值
[]
没有区分世代经验值
2个属性
['复眼', '有色眼镜']
2个普通特性
['逃跑']
['#048'] ['毛球'] ['虫'] ['毒'] ['复眼'] ['有色眼镜'] ['逃跑'] ['60'] ['55'] ['50'] ['40'] ['55'] ['45']
https://wiki.52poke.com//wiki/%E6%91%A9%E9%B2%81%E8%9B%BE
没有多形态信息
没有多形态种族值
[]
没有区分世代经验值
2个属性
['鳞粉', '有色眼镜']
2个普通特性
['奇迹皮肤']
['#049'] ['摩鲁蛾'] ['虫'] ['毒'] ['鳞粉'] ['有色眼镜'] ['奇迹皮肤'] ['70'] ['65'] ['60'] ['90'] ['75'] ['90']
https://wiki.52poke.com//wiki/%E5%9C%B0%E9%BC%A0
有多形态信息
没有多形态种族值
[]
没有区分世代经验值
1个属性
['沙隐', '沙穴']
2个普通特性
['沙之力']
['#050'] ['地鼠'] ['地面'] [''] ['沙隐'] ['沙穴'] ['沙之力'] ['10'] ['55'] ['25'] ['35'] ['45'] ['95']
https://wiki.52poke.com//wiki/%E4%B8%89%E5%9C%B0%E9%BC%A0
有多形态信息
没有多形态种族值
[]
没有区分世代经验值
1个属性
['沙隐', '沙穴']
2个普通特性
['沙之力']
['#051'] ['三地鼠'] ['地面'] [''] ['沙隐'] ['沙穴'] ['沙之力'] ['35'] ['100'] ['50'] ['50'] ['70'] ['120']
https://wiki.52poke.com//wiki/%E5%96%B5%E5%96%B5
有多形态信息
没有多形态种族值
[]
没有区分世代经验值
1个属性
['捡拾', '技术高手']
2个普通特性
['紧张感']
['#052'] ['喵喵'] ['一般'] [''] ['捡拾'] ['技术高手'] ['紧张感'] ['40'] ['45'] ['35'] ['40'] ['40'] ['90']
https://wiki.52poke.com//wiki/%E7%8C%AB%E8%80%81%E5%A4%A7
有多形态信息
没有多形态种族值
[]
没有区分世代经验值
1个属性
['柔软', '技术高手']
2个普通特性
['紧张感']
['#053'] ['猫老大'] ['一般'] [''] ['柔软'] ['技术高手'] ['紧张感'] ['65'] ['70'] ['60'] ['65'] ['65'] ['115']
https://wiki.52poke.com//wiki/%E5%8F%AF%E8%BE%BE%E9%B8%AD
没有多形态信息
没有多形态种族值
[]
没有区分世代经验值
1个属性
['湿气', '无关天气']
2个普通特性
['悠游自如']
['#054'] ['可达鸭'] ['水'] [''] ['湿气'] ['无关天气'] ['悠游自如'] ['50'] ['52'] ['48'] ['65'] ['50'] ['55']
https://wiki.52poke.com//wiki/%E5%93%A5%E8%BE%BE%E9%B8%AD
没有多形态信息
没有多形态种族值
[]
没有区分世代经验值
1个属性
['湿气', '无关天气']
2个普通特性
['悠游自如']
['#055'] ['哥达鸭'] ['水'] [''] ['湿气'] ['无关天气'] ['悠游自如'] ['80'] ['82'] ['78'] ['95'] ['80'] ['85']
https://wiki.52poke.com//wiki/%E7%8C%B4%E6%80%AA
没有多形态信息
没有多形态种族值
[]
没有区分世代经验值
1个属性
['干劲', '愤怒穴位']
2个普通特性
['不服输']
['#056'] ['猴怪'] ['格斗'] [''] ['干劲'] ['愤怒穴位'] ['不服输'] ['40'] ['80'] ['35'] ['35'] ['45'] ['70']
https://wiki.52poke.com//wiki/%E7%81%AB%E6%9A%B4%E7%8C%B4
没有多形态信息
没有多形态种族值
[]
没有区分世代经验值
1个属性
['干劲', '愤怒穴位']
2个普通特性
['不服输']
['#057'] ['火暴猴'] ['格斗'] [''] ['干劲'] ['愤怒穴位'] ['不服输'] ['65'] ['105'] ['60'] ['60'] ['70'] ['95']
https://wiki.52poke.com//wiki/%E5%8D%A1%E8%92%82%E7%8B%97
没有多形态信息
没有多形态种族值
[]
没有区分世代经验值
1个属性
['威吓', '引火']
2个普通特性
['正义之心']
['#058'] ['卡蒂狗'] ['火'] [''] ['威吓'] ['引火'] ['正义之心'] ['55'] ['70'] ['45'] ['70'] ['50'] ['60']
https://wiki.52poke.com//wiki/%E9%A3%8E%E9%80%9F%E7%8B%97
没有多形态信息
没有多形态种族值
[]
没有区分世代经验值
1个属性
['威吓', '引火']
2个普通特性
['正义之心']
['#059'] ['风速狗'] ['火'] [''] ['威吓'] ['引火'] ['正义之心'] ['90'] ['110'] ['80'] ['100'] ['80'] ['95']
https://wiki.52poke.com//wiki/%E8%9A%8A%E9%A6%99%E8%9D%8C%E8%9A%AA
没有多形态信息
没有多形态种族值
[]
没有区分世代经验值
1个属性
['储水', '湿气']
2个普通特性
['悠游自如']
['#060'] ['蚊香蝌蚪'] ['水'] [''] ['储水'] ['湿气'] ['悠游自如'] ['40'] ['50'] ['40'] ['40'] ['40'] ['90']
https://wiki.52poke.com//wiki/%E8%9A%8A%E9%A6%99%E5%90%9B
没有多形态信息
没有多形态种族值
[]
没有区分世代经验值
1个属性
['储水', '湿气']
2个普通特性
['悠游自如']
['#061'] ['蚊香君'] ['水'] [''] ['储水'] ['湿气'] ['悠游自如'] ['65'] ['65'] ['65'] ['50'] ['50'] ['90']
https://wiki.52poke.com//wiki/%E8%9A%8A%E9%A6%99%E6%B3%B3%E5%A3%AB
没有多形态信息
没有多形态种族值
[]
没有区分世代经验值
2个属性
['储水', '湿气']
2个普通特性
['悠游自如']
['#062'] ['蚊香泳士'] ['水'] ['格斗'] ['储水'] ['湿气'] ['悠游自如'] ['90'] ['95'] ['95'] ['70'] ['90'] ['70']
https://wiki.52poke.com//wiki/%E5%87%AF%E8%A5%BF
没有多形态信息
没有多形态种族值
[]
没有区分世代经验值
1个属性
['同步', '精神力']
2个普通特性
['魔法防守']
['#063'] ['凯西'] ['超能力'] [''] ['同步'] ['精神力'] ['魔法防守'] ['25'] ['20'] ['15'] ['105'] ['55'] ['90']
https://wiki.52poke.com//wiki/%E5%8B%87%E5%9F%BA%E6%8B%89
没有多形态信息
没有多形态种族值
[]
没有区分世代经验值
1个属性
['同步', '精神力']
2个普通特性
['魔法防守']
['#064'] ['勇基拉'] ['超能力'] [''] ['同步'] ['精神力'] ['魔法防守'] ['40'] ['35'] ['30'] ['120'] ['70'] ['105']
https://wiki.52poke.com//wiki/%E8%83%A1%E5%9C%B0
有多形态信息
没有多形态种族值
[]
没有区分世代经验值
1个属性
['同步', '精神力']
2个普通特性
['魔法防守']
['#065'] ['胡地'] ['超能力'] [''] ['同步'] ['精神力'] ['魔法防守'] ['55'] ['50'] ['45'] ['135'] ['95'] ['120']
https://wiki.52poke.com//wiki/%E8%85%95%E5%8A%9B
没有多形态信息
没有多形态种族值
[]
没有区分世代经验值
1个属性
['毅力', '无防守']
2个普通特性
['不屈之心']
['#066'] ['腕力'] ['格斗'] [''] ['毅力'] ['无防守'] ['不屈之心'] ['70'] ['80'] ['50'] ['35'] ['35'] ['35']
https://wiki.52poke.com//wiki/%E8%B1%AA%E5%8A%9B
没有多形态信息
没有多形态种族值
[]
没有区分世代经验值
1个属性
['毅力', '无防守']
2个普通特性
['不屈之心']
['#067'] ['豪力'] ['格斗'] [''] ['毅力'] ['无防守'] ['不屈之心'] ['80'] ['100'] ['70'] ['50'] ['60'] ['45']
https://wiki.52poke.com//wiki/%E6%80%AA%E5%8A%9B
有多形态信息
没有多形态种族值
[]
没有区分世代经验值
1个属性
['毅力', '无防守']
2个普通特性
['不屈之心']
['#068'] ['怪力'] ['格斗'] [''] ['毅力'] ['无防守'] ['不屈之心'] ['90'] ['130'] ['80'] ['65'] ['85'] ['55']
https://wiki.52poke.com//wiki/%E5%96%87%E5%8F%AD%E8%8A%BD
没有多形态信息
没有多形态种族值
[]
没有区分世代经验值
2个属性
['叶绿素']
1个普通特性
['贪吃鬼']
['#069'] ['喇叭芽'] ['草'] ['毒'] ['叶绿素'] [''] ['贪吃鬼'] ['50'] ['75'] ['35'] ['70'] ['30'] ['40']
https://wiki.52poke.com//wiki/%E5%8F%A3%E5%91%86%E8%8A%B1
没有多形态信息
没有多形态种族值
[]
没有区分世代经验值
2个属性
['叶绿素']
1个普通特性
['贪吃鬼']
['#070'] ['口呆花'] ['草'] ['毒'] ['叶绿素'] [''] ['贪吃鬼'] ['65'] ['90'] ['50'] ['85'] ['45'] ['55']
https://wiki.52poke.com//wiki/%E5%A4%A7%E9%A3%9F%E8%8A%B1
没有多形态信息
没有多形态种族值
[]
没有区分世代经验值
2个属性
['叶绿素']
1个普通特性
['贪吃鬼']
['#071'] ['大食花'] ['草'] ['毒'] ['叶绿素'] [''] ['贪吃鬼'] ['80'] ['105'] ['65'] ['100'] ['70'] ['70']
https://wiki.52poke.com//wiki/%E7%8E%9B%E7%91%99%E6%B0%B4%E6%AF%8D
没有多形态信息
没有多形态种族值
[]
没有区分世代经验值
2个属性
['恒净之躯', '污泥浆']
2个普通特性
['雨盘']
['#072'] ['玛瑙水母'] ['水'] ['毒'] ['恒净之躯'] ['污泥浆'] ['雨盘'] ['40'] ['40'] ['35'] ['50'] ['100'] ['70']
https://wiki.52poke.com//wiki/%E6%AF%92%E5%88%BA%E6%B0%B4%E6%AF%8D
没有多形态信息
没有多形态种族值
[]
没有区分世代经验值
2个属性
['恒净之躯', '污泥浆']
2个普通特性
['雨盘']
['#073'] ['毒刺水母'] ['水'] ['毒'] ['恒净之躯'] ['污泥浆'] ['雨盘'] ['80'] ['70'] ['65'] ['80'] ['120'] ['100']
https://wiki.52poke.com//wiki/%E5%B0%8F%E6%8B%B3%E7%9F%B3
有多形态信息
没有多形态种族值
[]
没有区分世代经验值
2个属性
['坚硬脑袋', '结实']
2个普通特性
['沙隐']
['#074'] ['小拳石'] ['岩石'] ['地面'] ['坚硬脑袋'] ['结实'] ['沙隐'] ['40'] ['80'] ['100'] ['30'] ['30'] ['20']
https://wiki.52poke.com//wiki/%E9%9A%86%E9%9A%86%E7%9F%B3
有多形态信息
没有多形态种族值
[]
没有区分世代经验值
2个属性
['坚硬脑袋', '结实']
2个普通特性
['沙隐']
['#075'] ['隆隆石'] ['岩石'] ['地面'] ['坚硬脑袋'] ['结实'] ['沙隐'] ['55'] ['95'] ['115'] ['45'] ['45'] ['35']
https://wiki.52poke.com//wiki/%E9%9A%86%E9%9A%86%E5%B2%A9
有多形态信息
没有多形态种族值
[]
没有区分世代经验值
2个属性
['坚硬脑袋', '结实']
2个普通特性
['沙隐']
['#076'] ['隆隆岩'] ['岩石'] ['地面'] ['坚硬脑袋'] ['结实'] ['沙隐'] ['80'] ['120'] ['130'] ['55'] ['65'] ['45']
https://wiki.52poke.com//wiki/%E5%B0%8F%E7%81%AB%E9%A9%AC
有多形态信息
没有多形态种族值
[]
没有区分世代经验值
1个属性
['逃跑', '引火']
2个普通特性
['火焰之躯']
['#077'] ['小火马'] ['火'] [''] ['逃跑'] ['引火'] ['火焰之躯'] ['50'] ['85'] ['55'] ['65'] ['65'] ['90']
https://wiki.52poke.com//wiki/%E7%83%88%E7%84%B0%E9%A9%AC
有多形态信息
没有多形态种族值
[]
没有区分世代经验值
1个属性
['逃跑', '引火']
2个普通特性
['火焰之躯']
['#078'] ['烈焰马'] ['火'] [''] ['逃跑'] ['引火'] ['火焰之躯'] ['65'] ['100'] ['70'] ['80'] ['80'] ['105']
https://wiki.52poke.com//wiki/%E5%91%86%E5%91%86%E5%85%BD
没有多形态信息
没有多形态种族值
[]
没有区分世代经验值
2个属性
['迟钝', '我行我素']
2个普通特性
['再生力']
['#079'] ['呆呆兽'] ['水'] ['超能力'] ['迟钝'] ['我行我素'] ['再生力'] ['90'] ['65'] ['65'] ['40'] ['40'] ['15']
https://wiki.52poke.com//wiki/%E5%91%86%E5%A3%B3%E5%85%BD
有多形态信息
没有多形态种族值
[]
没有区分世代经验值
2个属性
['迟钝', '我行我素']
2个普通特性
['再生力']
['#080'] ['呆壳兽'] ['水'] ['超能力'] ['迟钝'] ['我行我素'] ['再生力'] ['95'] ['75'] ['110'] ['100'] ['80'] ['30']
https://wiki.52poke.com//wiki/%E5%B0%8F%E7%A3%81%E6%80%AA
没有多形态信息
没有多形态种族值
[]
没有区分世代经验值
2个属性
['磁力', '结实']
2个普通特性
['分析']
['#081'] ['小磁怪'] ['电'] ['钢'] ['磁力'] ['结实'] ['分析'] ['25'] ['35'] ['70'] ['95'] ['55'] ['45']
https://wiki.52poke.com//wiki/%E4%B8%89%E5%90%88%E4%B8%80%E7%A3%81%E6%80%AA
没有多形态信息
没有多形态种族值
[]
没有区分世代经验值
2个属性
['磁力', '结实']
2个普通特性
['分析']
['#082'] ['三合一磁怪'] ['电'] ['钢'] ['磁力'] ['结实'] ['分析'] ['50'] ['60'] ['95'] ['120'] ['70'] ['70']
https://wiki.52poke.com//wiki/%E5%A4%A7%E8%91%B1%E9%B8%AD
有多形态信息
没有多形态种族值
[]
没有区分世代经验值
2个属性
['锐利目光', '精神力']
2个普通特性
['不服输']
['#083'] ['大葱鸭'] ['一般'] ['飞行'] ['锐利目光'] ['精神力'] ['不服输'] ['52'] ['90'] ['55'] ['58'] ['62'] ['60']
https://wiki.52poke.com//wiki/%E5%98%9F%E5%98%9F
没有多形态信息
没有多形态种族值
[]
没有区分世代经验值
2个属性
['逃跑', '早起']
2个普通特性
['蹒跚']
['#084'] ['嘟嘟'] ['一般'] ['飞行'] ['逃跑'] ['早起'] ['蹒跚'] ['35'] ['85'] ['45'] ['35'] ['35'] ['75']
https://wiki.52poke.com//wiki/%E5%98%9F%E5%98%9F%E5%88%A9
没有多形态信息
没有多形态种族值
[]
没有区分世代经验值
2个属性
['逃跑', '早起']
2个普通特性
['蹒跚']
['#085'] ['嘟嘟利'] ['一般'] ['飞行'] ['逃跑'] ['早起'] ['蹒跚'] ['60'] ['110'] ['70'] ['60'] ['60'] ['110']
https://wiki.52poke.com//wiki/%E5%B0%8F%E6%B5%B7%E7%8B%AE
没有多形态信息
没有多形态种族值
[]
没有区分世代经验值
1个属性
['厚脂肪', '湿润之躯']
2个普通特性
['冰冻之躯']
['#086'] ['小海狮'] ['水'] [''] ['厚脂肪'] ['湿润之躯'] ['冰冻之躯'] ['65'] ['45'] ['55'] ['45'] ['70'] ['45']
https://wiki.52poke.com//wiki/%E7%99%BD%E6%B5%B7%E7%8B%AE
没有多形态信息
没有多形态种族值
[]
没有区分世代经验值
2个属性
['厚脂肪', '湿润之躯']
2个普通特性
['冰冻之躯']
['#087'] ['白海狮'] ['水'] ['冰'] ['厚脂肪'] ['湿润之躯'] ['冰冻之躯'] ['90'] ['70'] ['80'] ['70'] ['95'] ['70']
https://wiki.52poke.com//wiki/%E8%87%AD%E6%B3%A5
有多形态信息
没有多形态种族值
[]
没有区分世代经验值
1个属性
['恶臭', '黏着']
2个普通特性
['毒手']
['#088'] ['臭泥'] ['毒'] [''] ['恶臭'] ['黏着'] ['毒手'] ['80'] ['80'] ['50'] ['40'] ['50'] ['25']
https://wiki.52poke.com//wiki/%E8%87%AD%E8%87%AD%E6%B3%A5
有多形态信息
没有多形态种族值
[]
没有区分世代经验值
1个属性
['恶臭', '黏着']
2个普通特性
['毒手']
['#089'] ['臭臭泥'] ['毒'] [''] ['恶臭'] ['黏着'] ['毒手'] ['105'] ['105'] ['75'] ['65'] ['100'] ['50']
https://wiki.52poke.com//wiki/%E5%A4%A7%E8%88%8C%E8%B4%9D
没有多形态信息
没有多形态种族值
[]
没有区分世代经验值
1个属性
['硬壳盔甲', '连续攻击']
2个普通特性
['防尘']
['#090'] ['大舌贝'] ['水'] [''] ['硬壳盔甲'] ['连续攻击'] ['防尘'] ['30'] ['65'] ['100'] ['45'] ['25'] ['40']
https://wiki.52poke.com//wiki/%E5%88%BA%E7%94%B2%E8%B4%9D
没有多形态信息
没有多形态种族值
[]
没有区分世代经验值
2个属性
['硬壳盔甲', '连续攻击']
2个普通特性
['防尘']
['#091'] ['刺甲贝'] ['水'] ['冰'] ['硬壳盔甲'] ['连续攻击'] ['防尘'] ['50'] ['95'] ['180'] ['85'] ['45'] ['70']
https://wiki.52poke.com//wiki/%E9%AC%BC%E6%96%AF
没有多形态信息
没有多形态种族值
[]
没有区分世代经验值
2个属性
['飘浮']
1个普通特性
[]
['#092'] ['鬼斯'] ['幽灵'] ['毒'] ['飘浮'] [''] [] ['30'] ['35'] ['30'] ['100'] ['35'] ['80']
https://wiki.52poke.com//wiki/%E9%AC%BC%E6%96%AF%E9%80%9A
没有多形态信息
没有多形态种族值
[]
没有区分世代经验值
2个属性
['飘浮']
1个普通特性
[]
['#093'] ['鬼斯通'] ['幽灵'] ['毒'] ['飘浮'] [''] [] ['45'] ['50'] ['45'] ['115'] ['55'] ['95']
https://wiki.52poke.com//wiki/%E8%80%BF%E9%AC%BC
有多形态信息
没有多形态种族值
[]
没有区分世代经验值
2个属性
['诅咒之躯']
1个普通特性
[]
['#094'] ['耿鬼'] ['幽灵'] ['毒'] ['诅咒之躯'] [''] [] ['60'] ['65'] ['60'] ['130'] ['75'] ['110']
https://wiki.52poke.com//wiki/%E5%A4%A7%E5%B2%A9%E8%9B%87
没有多形态信息
没有多形态种族值
[]
没有区分世代经验值
2个属性
['坚硬脑袋', '结实']
2个普通特性
['碎裂铠甲']
['#095'] ['大岩蛇'] ['岩石'] ['地面'] ['坚硬脑袋'] ['结实'] ['碎裂铠甲'] ['35'] ['45'] ['160'] ['30'] ['45'] ['70']
https://wiki.52poke.com//wiki/%E5%82%AC%E7%9C%A0%E8%B2%98
没有多形态信息
没有多形态种族值
[]
没有区分世代经验值
1个属性
['不眠', '预知梦']
2个普通特性
['精神力']
['#096'] ['催眠貘'] ['超能力'] [''] ['不眠'] ['预知梦'] ['精神力'] ['60'] ['48'] ['45'] ['43'] ['90'] ['42']
https://wiki.52poke.com//wiki/%E5%BC%95%E6%A2%A6%E8%B2%98%E4%BA%BA
没有多形态信息
没有多形态种族值
[]
没有区分世代经验值
1个属性
['不眠', '预知梦']
2个普通特性
['精神力']
['#097'] ['引梦貘人'] ['超能力'] [''] ['不眠'] ['预知梦'] ['精神力'] ['85'] ['73'] ['70'] ['73'] ['115'] ['67']
https://wiki.52poke.com//wiki/%E5%A4%A7%E9%92%B3%E8%9F%B9
没有多形态信息
没有多形态种族值
[]
没有区分世代经验值
1个属性
['怪力钳', '硬壳盔甲']
2个普通特性
['强行']
['#098'] ['大钳蟹'] ['水'] [''] ['怪力钳'] ['硬壳盔甲'] ['强行'] ['30'] ['105'] ['90'] ['25'] ['25'] ['50']
https://wiki.52poke.com//wiki/%E5%B7%A8%E9%92%B3%E8%9F%B9
有多形态信息
没有多形态种族值
[]
没有区分世代经验值
1个属性
['怪力钳', '硬壳盔甲']
2个普通特性
['强行']
['#099'] ['巨钳蟹'] ['水'] [''] ['怪力钳'] ['硬壳盔甲'] ['强行'] ['55'] ['130'] ['115'] ['50'] ['50'] ['75']
https://wiki.52poke.com//wiki/%E9%9C%B9%E9%9B%B3%E7%94%B5%E7%90%83
没有多形态信息
没有多形态种族值
[]
没有区分世代经验值
1个属性
['隔音', '静电']
2个普通特性
['引爆']
['#100'] ['霹雳电球'] ['电'] [''] ['隔音'] ['静电'] ['引爆'] ['40'] ['30'] ['50'] ['55'] ['55'] ['100']
https://wiki.52poke.com//wiki/%E9%A1%BD%E7%9A%AE%E9%9B%B7%E5%BC%B9
没有多形态信息
没有多形态种族值
[]
没有区分世代经验值
1个属性
['隔音', '静电']
2个普通特性
['引爆']
['#101'] ['顽皮雷弹'] ['电'] [''] ['隔音'] ['静电'] ['引爆'] ['60'] ['50'] ['70'] ['80'] ['80'] ['150']
https://wiki.52poke.com//wiki/%E8%9B%8B%E8%9B%8B
没有多形态信息
没有多形态种族值
[]
没有区分世代经验值
2个属性
['叶绿素']
1个普通特性
['收获']
['#102'] ['蛋蛋'] ['草'] ['超能力'] ['叶绿素'] [''] ['收获'] ['60'] ['40'] ['80'] ['60'] ['45'] ['40']
https://wiki.52poke.com//wiki/%E6%A4%B0%E8%9B%8B%E6%A0%91
有多形态信息
没有多形态种族值
[]
没有区分世代经验值
2个属性
['叶绿素']
1个普通特性
['收获']
['#103'] ['椰蛋树'] ['草'] ['超能力'] ['叶绿素'] [''] ['收获'] ['95'] ['95'] ['85'] ['125'] ['75'] ['55']
https://wiki.52poke.com//wiki/%E5%8D%A1%E6%8B%89%E5%8D%A1%E6%8B%89
没有多形态信息
没有多形态种族值
[]
没有区分世代经验值
1个属性
['坚硬脑袋', '避雷针']
2个普通特性
['战斗盔甲']
['#104'] ['卡拉卡拉'] ['地面'] [''] ['坚硬脑袋'] ['避雷针'] ['战斗盔甲'] ['50'] ['50'] ['95'] ['40'] ['50'] ['35']
https://wiki.52poke.com//wiki/%E5%98%8E%E5%95%A6%E5%98%8E%E5%95%A6
有多形态信息
没有多形态种族值
[]
没有区分世代经验值
1个属性
['坚硬脑袋', '避雷针']
2个普通特性
['战斗盔甲']
['#105'] ['嘎啦嘎啦'] ['地面'] [''] ['坚硬脑袋'] ['避雷针'] ['战斗盔甲'] ['60'] ['80'] ['110'] ['50'] ['80'] ['45']
https://wiki.52poke.com//wiki/%E9%A3%9E%E8%85%BF%E9%83%8E
没有多形态信息
没有多形态种族值
[]
没有区分世代经验值
1个属性
['柔软', '舍身']
2个普通特性
['轻装']
['#106'] ['飞腿郎'] ['格斗'] [''] ['柔软'] ['舍身'] ['轻装'] ['50'] ['120'] ['53'] ['35'] ['110'] ['87']
https://wiki.52poke.com//wiki/%E5%BF%AB%E6%8B%B3%E9%83%8E
没有多形态信息
没有多形态种族值
[]
没有区分世代经验值
1个属性
['锐利目光', '铁拳']
2个普通特性
['精神力']
['#107'] ['快拳郎'] ['格斗'] [''] ['锐利目光'] ['铁拳'] ['精神力'] ['50'] ['105'] ['79'] ['35'] ['110'] ['76']
https://wiki.52poke.com//wiki/%E5%A4%A7%E8%88%8C%E5%A4%B4
没有多形态信息
没有多形态种族值
[]
没有区分世代经验值
1个属性
['我行我素', '迟钝']
2个普通特性
['无关天气']
['#108'] ['大舌头'] ['一般'] [''] ['我行我素'] ['迟钝'] ['无关天气'] ['90'] ['55'] ['75'] ['60'] ['75'] ['30']
https://wiki.52poke.com//wiki/%E7%93%A6%E6%96%AF%E5%BC%B9
没有多形态信息
没有多形态种族值
[]
没有区分世代经验值
1个属性
['飘浮', '化学变化气体']
2个普通特性
['恶臭']
['#109'] ['瓦斯弹'] ['毒'] [''] ['飘浮'] ['化学变化气体'] ['恶臭'] ['40'] ['65'] ['95'] ['60'] ['45'] ['35']
https://wiki.52poke.com//wiki/%E5%8F%8C%E5%BC%B9%E7%93%A6%E6%96%AF
有多形态信息
没有多形态种族值
[]
没有区分世代经验值
1个属性
['飘浮', '化学变化气体']
2个普通特性
['恶臭']
['#110'] ['双弹瓦斯'] ['毒'] [''] ['飘浮'] ['化学变化气体'] ['恶臭'] ['65'] ['90'] ['120'] ['85'] ['70'] ['60']
https://wiki.52poke.com//wiki/%E7%8B%AC%E8%A7%92%E7%8A%80%E7%89%9B
没有多形态信息
没有多形态种族值
[]
没有区分世代经验值
2个属性
['避雷针', '坚硬脑袋']
2个普通特性
['舍身']
['#111'] ['独角犀牛'] ['地面'] ['岩石'] ['避雷针'] ['坚硬脑袋'] ['舍身'] ['80'] ['85'] ['95'] ['30'] ['30'] ['25']
https://wiki.52poke.com//wiki/%E9%92%BB%E8%A7%92%E7%8A%80%E5%85%BD
没有多形态信息
没有多形态种族值
[]
没有区分世代经验值
2个属性
['避雷针', '坚硬脑袋']
2个普通特性
['舍身']
['#112'] ['钻角犀兽'] ['地面'] ['岩石'] ['避雷针'] ['坚硬脑袋'] ['舍身'] ['105'] ['130'] ['120'] ['45'] ['45'] ['40']
https://wiki.52poke.com//wiki/%E5%90%89%E5%88%A9%E8%9B%8B
没有多形态信息
没有多形态种族值
[]
没有区分世代经验值
1个属性
['自然回复', '天恩']
2个普通特性
['治愈之心']
['#113'] ['吉利蛋'] ['一般'] [''] ['自然回复'] ['天恩'] ['治愈之心'] ['250'] ['5'] ['5'] ['35'] ['105'] ['50']
https://wiki.52poke.com//wiki/%E8%94%93%E8%97%A4%E6%80%AA
没有多形态信息
没有多形态种族值
[]
没有区分世代经验值
1个属性
['叶绿素', '叶子防守']
2个普通特性
['再生力']
['#114'] ['蔓藤怪'] ['草'] [''] ['叶绿素'] ['叶子防守'] ['再生力'] ['65'] ['55'] ['115'] ['100'] ['40'] ['60']
https://wiki.52poke.com//wiki/%E8%A2%8B%E5%85%BD
有多形态信息
没有多形态种族值
[]
没有区分世代经验值
1个属性
['早起', '胆量']
2个普通特性
['精神力']
['#115'] ['袋兽'] ['一般'] [''] ['早起'] ['胆量'] ['精神力'] ['105'] ['95'] ['80'] ['40'] ['80'] ['90']
https://wiki.52poke.com//wiki/%E5%A2%A8%E6%B5%B7%E9%A9%AC
没有多形态信息
没有多形态种族值
[]
没有区分世代经验值
1个属性
['悠游自如', '狙击手']
2个普通特性
['湿气']
['#116'] ['墨海马'] ['水'] [''] ['悠游自如'] ['狙击手'] ['湿气'] ['30'] ['40'] ['70'] ['70'] ['25'] ['60']
https://wiki.52poke.com//wiki/%E6%B5%B7%E5%88%BA%E9%BE%99
没有多形态信息
没有多形态种族值
[]
没有区分世代经验值
1个属性
['毒刺', '狙击手']
2个普通特性
['湿气']
['#117'] ['海刺龙'] ['水'] [''] ['毒刺'] ['狙击手'] ['湿气'] ['55'] ['65'] ['95'] ['95'] ['45'] ['85']
https://wiki.52poke.com//wiki/%E8%A7%92%E9%87%91%E9%B1%BC
没有多形态信息
没有多形态种族值
[]
没有区分世代经验值
1个属性
['悠游自如', '水幕']
2个普通特性
['避雷针']
['#118'] ['角金鱼'] ['水'] [''] ['悠游自如'] ['水幕'] ['避雷针'] ['45'] ['67'] ['60'] ['35'] ['50'] ['63']
https://wiki.52poke.com//wiki/%E9%87%91%E9%B1%BC%E7%8E%8B
没有多形态信息
没有多形态种族值
[]
没有区分世代经验值
1个属性
['悠游自如', '水幕']
2个普通特性
['避雷针']
['#119'] ['金鱼王'] ['水'] [''] ['悠游自如'] ['水幕'] ['避雷针'] ['80'] ['92'] ['65'] ['65'] ['80'] ['68']
https://wiki.52poke.com//wiki/%E6%B5%B7%E6%98%9F%E6%98%9F
没有多形态信息
没有多形态种族值
[]
没有区分世代经验值
1个属性
['发光', '自然回复']
2个普通特性
['分析']
['#120'] ['海星星'] ['水'] [''] ['发光'] ['自然回复'] ['分析'] ['30'] ['45'] ['55'] ['70'] ['55'] ['85']
Traceback (most recent call last):
  File "/usr/local/lib/python3.7/site-packages/urllib3/connectionpool.py", line 603, in urlopen
    chunked=chunked)
  File "/usr/local/lib/python3.7/site-packages/urllib3/connectionpool.py", line 344, in _make_request
    self._validate_conn(conn)
  File "/usr/local/lib/python3.7/site-packages/urllib3/connectionpool.py", line 843, in _validate_conn
    conn.connect()
  File "/usr/local/lib/python3.7/site-packages/urllib3/connection.py", line 370, in connect
    ssl_context=context)
  File "/usr/local/lib/python3.7/site-packages/urllib3/util/ssl_.py", line 355, in ssl_wrap_socket
    return context.wrap_socket(sock, server_hostname=server_hostname)
  File "/usr/local/lib/python3.7/ssl.py", line 412, in wrap_socket
    session=session
  File "/usr/local/lib/python3.7/ssl.py", line 850, in _create
    self.do_handshake()
  File "/usr/local/lib/python3.7/ssl.py", line 1108, in do_handshake
    self._sslobj.do_handshake()
OSError: [Errno 0] Error

During handling of the above exception, another exception occurred:

Traceback (most recent call last):
  File "/usr/local/lib/python3.7/site-packages/requests/adapters.py", line 449, in send
    timeout=timeout
  File "/usr/local/lib/python3.7/site-packages/urllib3/connectionpool.py", line 641, in urlopen
    _stacktrace=sys.exc_info()[2])
  File "/usr/local/lib/python3.7/site-packages/urllib3/util/retry.py", line 368, in increment
    raise six.reraise(type(error), error, _stacktrace)
  File "/usr/local/lib/python3.7/site-packages/urllib3/packages/six.py", line 685, in reraise
    raise value.with_traceback(tb)
  File "/usr/local/lib/python3.7/site-packages/urllib3/connectionpool.py", line 603, in urlopen
    chunked=chunked)
  File "/usr/local/lib/python3.7/site-packages/urllib3/connectionpool.py", line 344, in _make_request
    self._validate_conn(conn)
  File "/usr/local/lib/python3.7/site-packages/urllib3/connectionpool.py", line 843, in _validate_conn
    conn.connect()
  File "/usr/local/lib/python3.7/site-packages/urllib3/connection.py", line 370, in connect
    ssl_context=context)
  File "/usr/local/lib/python3.7/site-packages/urllib3/util/ssl_.py", line 355, in ssl_wrap_socket
    return context.wrap_socket(sock, server_hostname=server_hostname)
  File "/usr/local/lib/python3.7/ssl.py", line 412, in wrap_socket
    session=session
  File "/usr/local/lib/python3.7/ssl.py", line 850, in _create
    self.do_handshake()
  File "/usr/local/lib/python3.7/ssl.py", line 1108, in do_handshake
    self._sslobj.do_handshake()
urllib3.exceptions.ProtocolError: ('Connection aborted.', OSError(0, 'Error'))

During handling of the above exception, another exception occurred:

Traceback (most recent call last):
  File "pkinfoSpider.py", line 261, in <module>
    crawl()
  File "pkinfoSpider.py", line 245, in crawl
    html = get_page(pkdex_url)
  File "pkinfoSpider.py", line 27, in get_page
    response = requests.get(url=url)
  File "/usr/local/lib/python3.7/site-packages/requests/api.py", line 75, in get
    return request('get', url, params=params, **kwargs)
  File "/usr/local/lib/python3.7/site-packages/requests/api.py", line 60, in request
    return session.request(method=method, url=url, **kwargs)
  File "/usr/local/lib/python3.7/site-packages/requests/sessions.py", line 533, in request
    resp = self.send(prep, **send_kwargs)
  File "/usr/local/lib/python3.7/site-packages/requests/sessions.py", line 646, in send
    r = adapter.send(request, **kwargs)
  File "/usr/local/lib/python3.7/site-packages/requests/adapters.py", line 498, in send
    raise ConnectionError(err, request=request)
requests.exceptions.ConnectionError: ('Connection aborted.', OSError(0, 'Error'))
